<05/21/2022 17:59:27>,Searching file path C:\MTG\MTGA_Draft_17Lands\Sets for ['MID_PremierDraft_Data.json']
<05/21/2022 17:59:27>,Searching file path C:\MTG\MTGA_Draft_17Lands\Sets for ['MID_QuickDraft_Data.json']
<05/21/2022 17:59:27>,Searching file path C:\MTG\MTGA_Draft_17Lands\Sets for ['MID_TradDraft_Data.json']
<05/21/2022 17:59:27>,Searching file path C:\MTG\MTGA_Draft_17Lands\Sets for ['MID_BotDraft_Data.json']
<05/21/2022 17:59:27>,Searching file path C:\MTG\MTGA_Draft_17Lands\Sets for ['MID_Sealed_Data.json']
<05/21/2022 17:59:27>,Searching file path C:\MTG\MTGA_Draft_17Lands\Sets for ['MID_TradSealed_Data.json']
<05/21/2022 17:59:27>,Searching file path C:\MTG\MTGA_Draft_17Lands for ['Tier_']
<05/21/2022 18:13:38>,Searching file path C:\MTG\MTGA_Draft_17Lands\Sets for ['MID_PremierDraft_Data.json']
<05/21/2022 18:13:38>,Searching file path C:\MTG\MTGA_Draft_17Lands\Sets for ['MID_QuickDraft_Data.json']
<05/21/2022 18:13:38>,Searching file path C:\MTG\MTGA_Draft_17Lands\Sets for ['MID_TradDraft_Data.json']
<05/21/2022 18:13:38>,Searching file path C:\MTG\MTGA_Draft_17Lands\Sets for ['MID_BotDraft_Data.json']
<05/21/2022 18:13:38>,Searching file path C:\MTG\MTGA_Draft_17Lands\Sets for ['MID_Sealed_Data.json']
<05/21/2022 18:13:38>,Searching file path C:\MTG\MTGA_Draft_17Lands\Sets for ['MID_TradSealed_Data.json']
<05/21/2022 18:13:38>,Searching file path C:\MTG\MTGA_Draft_17Lands for ['Tier_']
<05/21/2022 18:15:18>,ExportData Error: join() takes exactly one argument (3 given)
<05/21/2022 18:38:50>,Searching file path C:\MTG\MTGA_Draft_17Lands\Sets for ['MID_PremierDraft_Data.json']
<05/21/2022 18:38:50>,Searching file path C:\MTG\MTGA_Draft_17Lands\Sets for ['MID_QuickDraft_Data.json']
<05/21/2022 18:38:50>,Searching file path C:\MTG\MTGA_Draft_17Lands\Sets for ['MID_TradDraft_Data.json']
<05/21/2022 18:38:50>,Searching file path C:\MTG\MTGA_Draft_17Lands\Sets for ['MID_BotDraft_Data.json']
<05/21/2022 18:38:50>,Searching file path C:\MTG\MTGA_Draft_17Lands\Sets for ['MID_Sealed_Data.json']
<05/21/2022 18:38:50>,Searching file path C:\MTG\MTGA_Draft_17Lands\Sets for ['MID_TradSealed_Data.json']
<05/21/2022 18:38:50>,Searching file path C:\MTG\MTGA_Draft_17Lands for ['Tier_']
<05/21/2022 18:40:32>,Searching file path C:\MTG\MTGA_Draft_17Lands\Sets for ['MID_PremierDraft_Data.json']
<05/21/2022 18:40:32>,Searching file path C:\MTG\MTGA_Draft_17Lands\Sets for ['MID_QuickDraft_Data.json']
<05/21/2022 18:40:32>,Searching file path C:\MTG\MTGA_Draft_17Lands\Sets for ['MID_TradDraft_Data.json']
<05/21/2022 18:40:32>,Searching file path C:\MTG\MTGA_Draft_17Lands\Sets for ['MID_BotDraft_Data.json']
<05/21/2022 18:40:32>,Searching file path C:\MTG\MTGA_Draft_17Lands\Sets for ['MID_Sealed_Data.json']
<05/21/2022 18:40:32>,Searching file path C:\MTG\MTGA_Draft_17Lands\Sets for ['MID_TradSealed_Data.json']
<05/21/2022 18:40:32>,Searching file path C:\MTG\MTGA_Draft_17Lands for ['Tier_']
<05/21/2022 18:42:35>,Searching file path C:\MTG\MTGA_Draft_17Lands\Sets for ['MID_PremierDraft_Data.json']
<05/21/2022 18:42:35>,Searching file path C:\MTG\MTGA_Draft_17Lands\Sets for ['MID_QuickDraft_Data.json']
<05/21/2022 18:42:35>,Searching file path C:\MTG\MTGA_Draft_17Lands\Sets for ['MID_TradDraft_Data.json']
<05/21/2022 18:42:35>,Searching file path C:\MTG\MTGA_Draft_17Lands\Sets for ['MID_BotDraft_Data.json']
<05/21/2022 18:42:35>,Searching file path C:\MTG\MTGA_Draft_17Lands\Sets for ['MID_Sealed_Data.json']
<05/21/2022 18:42:35>,Searching file path C:\MTG\MTGA_Draft_17Lands\Sets for ['MID_TradSealed_Data.json']
<05/21/2022 18:42:35>,Searching file path C:\MTG\MTGA_Draft_17Lands for ['Tier_']
<05/21/2022 18:43:52>,Searching file path C:\MTG\MTGA_Draft_17Lands\Sets for ['MID_PremierDraft_Data.json']
<05/21/2022 18:43:53>,Searching file path C:\MTG\MTGA_Draft_17Lands\Sets for ['MID_QuickDraft_Data.json']
<05/21/2022 18:43:53>,Searching file path C:\MTG\MTGA_Draft_17Lands\Sets for ['MID_TradDraft_Data.json']
<05/21/2022 18:43:53>,Searching file path C:\MTG\MTGA_Draft_17Lands\Sets for ['MID_BotDraft_Data.json']
<05/21/2022 18:43:53>,Searching file path C:\MTG\MTGA_Draft_17Lands\Sets for ['MID_Sealed_Data.json']
<05/21/2022 18:43:53>,Searching file path C:\MTG\MTGA_Draft_17Lands\Sets for ['MID_TradSealed_Data.json']
<05/21/2022 18:43:53>,Searching file path C:\MTG\MTGA_Draft_17Lands for ['Tier_']
<05/21/2022 18:47:59>,Searching file path C:\MTG\MTGA_Draft_17Lands\Sets for ['NEO_QuickDraft_Data.json']
<05/21/2022 18:47:59>,Searching file path C:\MTG\MTGA_Draft_17Lands\Sets for ['NEO_PremierDraft_Data.json']
<05/21/2022 18:47:59>,Searching file path C:\MTG\MTGA_Draft_17Lands\Sets for ['NEO_TradDraft_Data.json']
<05/21/2022 18:47:59>,Searching file path C:\MTG\MTGA_Draft_17Lands\Sets for ['NEO_BotDraft_Data.json']
<05/21/2022 18:47:59>,Searching file path C:\MTG\MTGA_Draft_17Lands\Sets for ['NEO_Sealed_Data.json']
<05/21/2022 18:47:59>,Searching file path C:\MTG\MTGA_Draft_17Lands\Sets for ['NEO_TradSealed_Data.json']
<05/21/2022 18:47:59>,Searching file path C:\MTG\MTGA_Draft_17Lands for ['Tier_']
<05/21/2022 18:49:35>,Searching file path C:\MTG\MTGA_Draft_17Lands\Sets for ['NEO_QuickDraft_Data.json']
<05/21/2022 18:49:35>,Searching file path C:\MTG\MTGA_Draft_17Lands\Sets for ['NEO_PremierDraft_Data.json']
<05/21/2022 18:49:35>,Searching file path C:\MTG\MTGA_Draft_17Lands\Sets for ['NEO_TradDraft_Data.json']
<05/21/2022 18:49:35>,Searching file path C:\MTG\MTGA_Draft_17Lands\Sets for ['NEO_BotDraft_Data.json']
<05/21/2022 18:49:35>,Searching file path C:\MTG\MTGA_Draft_17Lands\Sets for ['NEO_Sealed_Data.json']
<05/21/2022 18:49:35>,Searching file path C:\MTG\MTGA_Draft_17Lands\Sets for ['NEO_TradSealed_Data.json']
<05/21/2022 18:49:35>,Searching file path C:\MTG\MTGA_Draft_17Lands for ['Tier_']
<05/21/2022 18:49:35>,TakenCards Error: '79726'
<05/21/2022 18:49:35>,TakenCards Error: '79724'
<05/21/2022 18:49:35>,TakenCards Error: '79732'
<05/21/2022 18:49:35>,PackCards Error: '79732'
<05/21/2022 18:49:35>,InitialPackCards Error: '79732'
<05/21/2022 18:49:35>,PickedCards Error: '79732'
<05/21/2022 18:49:35>,TakenCards Error: '79726'
<05/21/2022 18:49:35>,TakenCards Error: '79724'
<05/21/2022 18:49:35>,TakenCards Error: '79732'
<05/21/2022 18:49:49>,TakenCards Error: '79726'
<05/21/2022 18:49:49>,TakenCards Error: '79724'
<05/21/2022 18:49:49>,TakenCards Error: '79732'
<05/21/2022 18:49:59>,TakenCards Error: '79726'
<05/21/2022 18:49:59>,TakenCards Error: '79724'
<05/21/2022 18:49:59>,TakenCards Error: '79732'
<05/21/2022 18:49:59>,SuggestDeck Error: CardFilter() takes 9 positional arguments but 11 were given
<05/21/2022 18:49:59>,UpdateSuggestTable Error: 'None'
<05/21/2022 18:54:37>,Searching file path C:\MTG\MTGA_Draft_17Lands\Sets for ['MID_PremierDraft_Data.json']
<05/21/2022 18:54:37>,Searching file path C:\MTG\MTGA_Draft_17Lands\Sets for ['MID_QuickDraft_Data.json']
<05/21/2022 18:54:37>,Searching file path C:\MTG\MTGA_Draft_17Lands\Sets for ['MID_TradDraft_Data.json']
<05/21/2022 18:54:37>,Searching file path C:\MTG\MTGA_Draft_17Lands\Sets for ['MID_BotDraft_Data.json']
<05/21/2022 18:54:37>,Searching file path C:\MTG\MTGA_Draft_17Lands\Sets for ['MID_Sealed_Data.json']
<05/21/2022 18:54:37>,Searching file path C:\MTG\MTGA_Draft_17Lands\Sets for ['MID_TradSealed_Data.json']
<05/21/2022 18:54:37>,Searching file path C:\MTG\MTGA_Draft_17Lands for ['Tier_']
<05/21/2022 18:55:14>,Searching file path C:\MTG\MTGA_Draft_17Lands\Sets for ['NEO_QuickDraft_Data.json']
<05/21/2022 18:55:14>,Searching file path C:\MTG\MTGA_Draft_17Lands\Sets for ['NEO_PremierDraft_Data.json']
<05/21/2022 18:55:14>,Searching file path C:\MTG\MTGA_Draft_17Lands\Sets for ['NEO_TradDraft_Data.json']
<05/21/2022 18:55:14>,Searching file path C:\MTG\MTGA_Draft_17Lands\Sets for ['NEO_BotDraft_Data.json']
<05/21/2022 18:55:14>,Searching file path C:\MTG\MTGA_Draft_17Lands\Sets for ['NEO_Sealed_Data.json']
<05/21/2022 18:55:14>,Searching file path C:\MTG\MTGA_Draft_17Lands\Sets for ['NEO_TradSealed_Data.json']
<05/21/2022 18:55:14>,Searching file path C:\MTG\MTGA_Draft_17Lands for ['Tier_']
<05/21/2022 18:55:14>,TakenCards Error: '79726'
<05/21/2022 18:55:14>,TakenCards Error: '79724'
<05/21/2022 18:55:14>,TakenCards Error: '79732'
<05/21/2022 18:55:14>,PackCards Error: '79732'
<05/21/2022 18:55:14>,InitialPackCards Error: '79732'
<05/21/2022 18:55:14>,PickedCards Error: '79732'
<05/21/2022 18:55:14>,TakenCards Error: '79726'
<05/21/2022 18:55:14>,TakenCards Error: '79724'
<05/21/2022 18:55:14>,TakenCards Error: '79732'
<05/21/2022 18:55:14>,TakenCards Error: '79726'
<05/21/2022 18:55:14>,TakenCards Error: '79724'
<05/21/2022 18:55:14>,TakenCards Error: '79732'
<05/21/2022 18:55:14>,PackCards Error: '79732'
<05/21/2022 18:55:14>,InitialPackCards Error: '79732'
<05/21/2022 18:55:14>,PickedCards Error: '79732'
<05/21/2022 18:55:14>,TakenCards Error: '79726'
<05/21/2022 18:55:14>,TakenCards Error: '79724'
<05/21/2022 18:55:14>,TakenCards Error: '79732'
<05/21/2022 18:55:17>,TakenCards Error: '79726'
<05/21/2022 18:55:17>,TakenCards Error: '79724'
<05/21/2022 18:55:17>,TakenCards Error: '79732'
<05/21/2022 18:58:08>,Searching file path C:\MTG\MTGA_Draft_17Lands\Sets for ['MID_PremierDraft_Data.json']
<05/21/2022 18:58:08>,Searching file path C:\MTG\MTGA_Draft_17Lands\Sets for ['MID_QuickDraft_Data.json']
<05/21/2022 18:58:08>,Searching file path C:\MTG\MTGA_Draft_17Lands\Sets for ['MID_TradDraft_Data.json']
<05/21/2022 18:58:08>,Searching file path C:\MTG\MTGA_Draft_17Lands\Sets for ['MID_BotDraft_Data.json']
<05/21/2022 18:58:08>,Searching file path C:\MTG\MTGA_Draft_17Lands\Sets for ['MID_Sealed_Data.json']
<05/21/2022 18:58:08>,Searching file path C:\MTG\MTGA_Draft_17Lands\Sets for ['MID_TradSealed_Data.json']
<05/21/2022 18:58:08>,Searching file path C:\MTG\MTGA_Draft_17Lands for ['Tier_']
